<?xml version="1.0" encoding="UTF-8"?>
<!-- Generated by org.testng.reporters.JUnitReportReporter -->
<testsuite hostname="LAPTOP-HAM6EJ9F" failures="0" tests="2" name="test.Day5" time="0.003" errors="0" timestamp="2024-05-12T14:50:28 IST" skipped="0">
  <testcase classname="test.Day5" name="mobileloginHomeloan" time="0.002"/>
  <system-out/>
  <testcase classname="test.Day5" name="WebloginHomeloan" time="0.001"/>
  <system-out/>
</testsuite> <!-- test.Day5 -->
