<?xml version="1.0" encoding="UTF-8"?>
<!-- Generated by org.testng.reporters.JUnitReportReporter -->
<testsuite hostname="LAPTOP-HAM6EJ9F" failures="0" tests="3" name="test.Day4" time="0.007" errors="0" timestamp="2024-05-12T21:22:49 IST" skipped="0">
  <testcase classname="test.Day4" name="LoginAPIHomeLoan" time="0.003"/>
  <system-out/>
  <testcase classname="test.Day4" name="WebloginHomeLoan" time="0.001"/>
  <system-out/>
  <testcase classname="test.Day4" name="MobileLoginHomeLoan" time="0.003"/>
  <system-out/>
</testsuite> <!-- test.Day4 -->
