<?xml version="1.0" encoding="UTF-8"?>
<!-- Generated by org.testng.reporters.JUnitReportReporter -->
<testsuite hostname="LAPTOP-HAM6EJ9F" failures="0" tests="1" name="test.Day1" time="0.005" errors="0" timestamp="2024-05-12T21:22:49 IST" skipped="0">
  <testcase classname="test.Day1" name="Demo" time="0.005"/>
  <system-out/>
</testsuite> <!-- test.Day1 -->
